<?xml version="1.0" encoding="UTF-8"?>
<!-- Generated by org.testng.reporters.JUnitReportReporter -->
<testsuite hostname="SubhMadhu" failures="0" tests="3" name="Maven2.TestGroups" time="0.015" errors="0" timestamp="2024-03-22T14:21:58 IST" skipped="0">
  <testcase classname="Maven2.TestGroups" name="method2" time="0.001"/>
  <system-out/>
  <testcase classname="Maven2.TestGroups" name="method3" time="0.001"/>
  <system-out/>
  <testcase classname="Maven2.TestGroups" name="method" time="0.013"/>
  <system-out/>
</testsuite> <!-- Maven2.TestGroups -->
