<?xml version="1.0" encoding="UTF-8"?>
<!-- Generated by org.testng.reporters.JUnitReportReporter -->
<testsuite hostname="SubhMadhu" failures="0" tests="1" name="Maven2.assertDemo3" time="19.957" errors="0" timestamp="2024-03-27T13:30:48 IST" skipped="0">
  <testcase classname="Maven2.assertDemo3" name="f" time="19.957"/>
  <system-out/>
</testsuite> <!-- Maven2.assertDemo3 -->
