<?xml version="1.0" encoding="UTF-8"?>
<!-- Generated by org.testng.reporters.JUnitReportReporter -->
<testsuite hostname="SubhMadhu" failures="0" tests="3" name="Maven2.NewTest" time="0.012" errors="0" timestamp="2024-03-22T13:33:35 IST" skipped="0">
  <testcase classname="Maven2.NewTest" name="f3" time="0.007"/>
  <system-out/>
  <testcase classname="Maven2.NewTest" name="f2" time="0.003"/>
  <system-out/>
  <testcase classname="Maven2.NewTest" name="f" time="0.002"/>
  <system-out/>
</testsuite> <!-- Maven2.NewTest -->
