<?xml version="1.0" encoding="UTF-8"?>
<!-- Generated by org.testng.reporters.JUnitReportReporter -->
<testsuite hostname="SubhMadhu" failures="0" tests="2" name="Maven2.NewTest3" time="0.006" errors="0" timestamp="2024-03-22T13:33:35 IST" skipped="0">
  <testcase classname="Maven2.NewTest3" name="f2" time="0.002"/>
  <system-out/>
  <testcase classname="Maven2.NewTest3" name="f" time="0.004"/>
  <system-out/>
</testsuite> <!-- Maven2.NewTest3 -->
