<?xml version="1.0" encoding="UTF-8"?>
<!-- Generated by org.testng.reporters.JUnitReportReporter -->
<testsuite hostname="SubhMadhu" failures="0" tests="1" name="Maven2.parameter_demo" time="6.466" errors="0" timestamp="2024-03-22T14:08:44 IST" skipped="0">
  <testcase classname="Maven2.parameter_demo" name="f" time="6.466"/>
  <system-out/>
</testsuite> <!-- Maven2.parameter_demo -->
