<?xml version="1.0" encoding="UTF-8"?>
<!-- Generated by org.testng.reporters.JUnitReportReporter -->
<testsuite hostname="SubhMadhu" failures="0" tests="1" name="dabaseConnectivity.CoonectMySQL" time="0.577" errors="0" timestamp="2024-05-26T16:33:15 IST" skipped="0">
  <testcase classname="dabaseConnectivity.CoonectMySQL" name="testdb" time="0.577"/>
  <system-out/>
</testsuite> <!-- dabaseConnectivity.CoonectMySQL -->
