<?xml version="1.0" encoding="UTF-8"?>
<!-- Generated by org.testng.reporters.JUnitReportReporter -->
<testsuite hostname="SubhMadhu" failures="0" tests="3" name="Maven2.dataProvider" time="17.048" errors="0" timestamp="2024-03-22T14:08:44 IST" skipped="0">
  <testcase classname="Maven2.dataProvider" name="f" time="5.360"/>
  <system-out/>
  <testcase classname="Maven2.dataProvider" name="f" time="6.472"/>
  <system-out/>
  <testcase classname="Maven2.dataProvider" name="f" time="5.216"/>
  <system-out/>
</testsuite> <!-- Maven2.dataProvider -->
